{"uid":"6898e55ccead20be","name":"Search without entering any product","fullName":"Search functionality: Search without entering any product","historyId":"e472b38b64c822322335249528407d26","time":{"start":1737244070695,"stop":1737244073393,"duration":2698},"status":"failed","statusMessage":"AssertionError\n","statusTrace":"  File \"/opt/hostedtoolcache/Python/3.11.5/x64/lib/python3.11/site-packages/behave/model.py\", line 1329, in run\n    match.run(runner.context)\n  File \"/opt/hostedtoolcache/Python/3.11.5/x64/lib/python3.11/site-packages/behave/matchers.py\", line 98, in run\n    self.func(context, *args, **kwargs)\n  File \"features/steps/search.py\", line 24, in step_impl\n    assert context.search_page.display_status_of_message(\"There is no product that matches the search criteria.ABC\")\n","flaky":false,"newFailed":false,"newBroken":false,"newPassed":false,"retriesCount":0,"retriesStatusChange":false,"beforeStages":[],"testStage":{"status":"failed","statusMessage":"AssertionError\n","statusTrace":"  File \"/opt/hostedtoolcache/Python/3.11.5/x64/lib/python3.11/site-packages/behave/model.py\", line 1329, in run\n    match.run(runner.context)\n  File \"/opt/hostedtoolcache/Python/3.11.5/x64/lib/python3.11/site-packages/behave/matchers.py\", line 98, in run\n    self.func(context, *args, **kwargs)\n  File \"features/steps/search.py\", line 24, in step_impl\n    assert context.search_page.display_status_of_message(\"There is no product that matches the search criteria.ABC\")\n","steps":[{"name":"Given I got navigated to Home page","time":{"start":1737244072770,"stop":1737244072777,"duration":7},"status":"passed","steps":[],"attachments":[],"parameters":[],"stepsCount":0,"attachmentsCount":0,"shouldDisplayMessage":false,"hasContent":false},{"name":"When I dont enter anything into Search box field","time":{"start":1737244072777,"stop":1737244072880,"duration":103},"status":"passed","steps":[],"attachments":[],"parameters":[],"stepsCount":0,"attachmentsCount":0,"shouldDisplayMessage":false,"hasContent":false},{"name":"And I click on Search button","time":{"start":1737244072880,"stop":1737244073189,"duration":309},"status":"passed","steps":[],"attachments":[],"parameters":[],"stepsCount":0,"attachmentsCount":0,"shouldDisplayMessage":false,"hasContent":false},{"name":"Then Proper message should be displayed in Search results","time":{"start":1737244073189,"stop":1737244073327,"duration":138},"status":"failed","statusMessage":"AssertionError\n","statusTrace":"  File \"/opt/hostedtoolcache/Python/3.11.5/x64/lib/python3.11/site-packages/behave/model.py\", line 1329, in run\n    match.run(runner.context)\n  File \"/opt/hostedtoolcache/Python/3.11.5/x64/lib/python3.11/site-packages/behave/matchers.py\", line 98, in run\n    self.func(context, *args, **kwargs)\n  File \"features/steps/search.py\", line 24, in step_impl\n    assert context.search_page.display_status_of_message(\"There is no product that matches the search criteria.ABC\")\n","steps":[],"attachments":[{"uid":"80c8f4ccc3055d40","name":"failed_screenshot","source":"80c8f4ccc3055d40.png","type":"image/png","size":80265}],"parameters":[],"stepsCount":0,"attachmentsCount":1,"shouldDisplayMessage":true,"hasContent":true}],"attachments":[],"parameters":[],"stepsCount":4,"attachmentsCount":1,"shouldDisplayMessage":false,"hasContent":true},"afterStages":[],"labels":[{"name":"severity","value":"normal"},{"name":"tag","value":"search"},{"name":"feature","value":"Search functionality"},{"name":"framework","value":"behave"},{"name":"language","value":"cpython3"},{"name":"resultFormat","value":"allure2"}],"parameters":[],"links":[],"hidden":false,"retry":false,"extra":{"severity":"normal","retries":[],"categories":[{"name":"Product defects","matchedStatuses":[],"flaky":false}],"tags":["search"]},"source":"6898e55ccead20be.json","parameterValues":[]}