{"uid":"db0c4e1fc3ec360a","name":"Search for an invalid product","fullName":"Search functionality: Search for an invalid product","historyId":"89839954775be1c073d4c11a050899e9","time":{"start":1738243481256,"stop":1738243483865,"duration":2609},"status":"failed","statusMessage":"AssertionError\n","statusTrace":"  File \"/opt/hostedtoolcache/Python/3.11.5/x64/lib/python3.11/site-packages/behave/model.py\", line 1329, in run\n    match.run(runner.context)\n  File \"/opt/hostedtoolcache/Python/3.11.5/x64/lib/python3.11/site-packages/behave/matchers.py\", line 98, in run\n    self.func(context, *args, **kwargs)\n  File \"features/steps/search.py\", line 24, in step_impl\n    assert context.search_page.display_status_of_message(\"There is no product that matches the search criteria.ABC\")\n","flaky":false,"newFailed":false,"newBroken":false,"newPassed":false,"retriesCount":0,"retriesStatusChange":false,"beforeStages":[],"testStage":{"status":"failed","statusMessage":"AssertionError\n","statusTrace":"  File \"/opt/hostedtoolcache/Python/3.11.5/x64/lib/python3.11/site-packages/behave/model.py\", line 1329, in run\n    match.run(runner.context)\n  File \"/opt/hostedtoolcache/Python/3.11.5/x64/lib/python3.11/site-packages/behave/matchers.py\", line 98, in run\n    self.func(context, *args, **kwargs)\n  File \"features/steps/search.py\", line 24, in step_impl\n    assert context.search_page.display_status_of_message(\"There is no product that matches the search criteria.ABC\")\n","steps":[{"name":"Given I got navigated to Home page","time":{"start":1738243483222,"stop":1738243483228,"duration":6},"status":"passed","steps":[],"attachments":[],"parameters":[],"stepsCount":0,"attachmentsCount":0,"shouldDisplayMessage":false,"hasContent":false},{"name":"When I enter invalid product say \"Honda\" into the Search box field","time":{"start":1738243483228,"stop":1738243483336,"duration":108},"status":"passed","steps":[],"attachments":[],"parameters":[],"stepsCount":0,"attachmentsCount":0,"shouldDisplayMessage":false,"hasContent":false},{"name":"And I click on Search button","time":{"start":1738243483336,"stop":1738243483655,"duration":319},"status":"passed","steps":[],"attachments":[],"parameters":[],"stepsCount":0,"attachmentsCount":0,"shouldDisplayMessage":false,"hasContent":false},{"name":"Then Proper message should be displayed in Search results","time":{"start":1738243483655,"stop":1738243483798,"duration":143},"status":"failed","statusMessage":"AssertionError\n","statusTrace":"  File \"/opt/hostedtoolcache/Python/3.11.5/x64/lib/python3.11/site-packages/behave/model.py\", line 1329, in run\n    match.run(runner.context)\n  File \"/opt/hostedtoolcache/Python/3.11.5/x64/lib/python3.11/site-packages/behave/matchers.py\", line 98, in run\n    self.func(context, *args, **kwargs)\n  File \"features/steps/search.py\", line 24, in step_impl\n    assert context.search_page.display_status_of_message(\"There is no product that matches the search criteria.ABC\")\n","steps":[],"attachments":[{"uid":"a4b52a033afef31d","name":"failed_screenshot","source":"a4b52a033afef31d.png","type":"image/png","size":80997}],"parameters":[],"stepsCount":0,"attachmentsCount":1,"shouldDisplayMessage":true,"hasContent":true}],"attachments":[],"parameters":[],"stepsCount":4,"attachmentsCount":1,"shouldDisplayMessage":false,"hasContent":true},"afterStages":[],"labels":[{"name":"severity","value":"normal"},{"name":"tag","value":"search"},{"name":"feature","value":"Search functionality"},{"name":"framework","value":"behave"},{"name":"language","value":"cpython3"},{"name":"resultFormat","value":"allure2"}],"parameters":[],"links":[],"hidden":false,"retry":false,"extra":{"severity":"normal","retries":[],"categories":[{"name":"Product defects","matchedStatuses":[],"flaky":false}],"tags":["search"]},"source":"db0c4e1fc3ec360a.json","parameterValues":[]}